<?xml version="1.0" encoding="UTF-8"?>
<testsuite name="CircuitTest" tests="4" skipped="0" failures="0" errors="0" timestamp="2022-07-12T21:55:33" hostname="WINAPKFJ0EJELOS" time="0.009">
  <properties/>
  <testcase name="checkCircuitApi()" classname="CircuitTest" time="0.002"/>
  <testcase name="checkCompositeCircuitApi()" classname="CircuitTest" time="0.003"/>
  <testcase name="checkInheritance()" classname="CircuitTest" time="0.001"/>
  <testcase name="testResistance()" classname="CircuitTest" time="0.001"/>
  <system-out><![CDATA[]]></system-out>
  <system-err><![CDATA[]]></system-err>
</testsuite>
