<?xml version="1.0" encoding="UTF-8"?>
<testsuite name="AppTest" tests="1" skipped="0" failures="0" errors="0" timestamp="2022-07-12T21:55:33" hostname="WINAPKFJ0EJELOS" time="0.026">
  <properties/>
  <testcase name="isGreetingHelloWorld()" classname="AppTest" time="0.026"/>
  <system-out><![CDATA[]]></system-out>
  <system-err><![CDATA[]]></system-err>
</testsuite>
